0 verbose cli /usr/bin/node /usr/bin/npm
1 info using npm@9.8.1
2 info using node@v18.17.1
3 timing npm:load:whichnode Completed in 1ms
4 timing config:load:defaults Completed in 1ms
5 timing config:load:file:/usr/lib/node_modules/npm/npmrc Completed in 1ms
6 timing config:load:builtin Completed in 1ms
7 timing config:load:cli Completed in 1ms
8 timing config:load:env Completed in 1ms
9 timing config:load:file:/var/www/.npmrc Completed in 0ms
10 timing config:load:project Completed in 1ms
11 timing config:load:file:/var/www/.home/.npmrc Completed in 3ms
12 timing config:load:user Completed in 4ms
13 timing config:load:file:/usr/etc/npmrc Completed in 0ms
14 timing config:load:global Completed in 0ms
15 timing config:load:setEnvs Completed in 1ms
16 timing config:load Completed in 10ms
17 timing npm:load:configload Completed in 10ms
18 timing config:load:flatten Completed in 2ms
19 timing npm:load:mkdirpcache Completed in 0ms
20 timing npm:load:mkdirplogs Completed in 0ms
21 verbose title npm update
22 verbose argv "update"
23 timing npm:load:setTitle Completed in 0ms
24 timing npm:load:display Completed in 1ms
25 verbose logfile logs-max:10 dir:/var/www/.home/.npm/_logs/2023-09-14T06_47_56_094Z-
26 verbose logfile /var/www/.home/.npm/_logs/2023-09-14T06_47_56_094Z-debug-0.log
27 timing npm:load:logFile Completed in 6ms
28 timing npm:load:timers Completed in 0ms
29 timing npm:load:configScope Completed in 0ms
30 timing npm:load Completed in 31ms
31 timing arborist:ctor Completed in 0ms
32 silly logfile done cleaning log files
33 timing idealTree:init Completed in 7ms
34 timing idealTree:userRequests Completed in 1ms
35 silly idealTree buildDeps
36 silly fetch manifest @tailwindcss/forms@^0.5.2
37 timing arborist:ctor Completed in 0ms
38 http fetch GET 200 https://registry.npmjs.org/@tailwindcss%2fforms 44ms (cache hit)
39 silly fetch manifest tailwindcss@^3.1.0
40 http fetch GET 200 https://registry.npmjs.org/tailwindcss 32ms (cache hit)
41 silly fetch manifest alpinejs@^3.4.2
42 http fetch GET 200 https://registry.npmjs.org/alpinejs 3ms (cache hit)
43 silly fetch manifest autoprefixer@^10.4.2
44 http fetch GET 200 https://registry.npmjs.org/autoprefixer 4ms (cache hit)
45 silly fetch manifest postcss@^8.4.6
46 http fetch GET 200 https://registry.npmjs.org/postcss 3ms (cache hit)
47 silly fetch manifest axios@^1.1.2
48 http fetch GET 200 https://registry.npmjs.org/axios 2ms (cache hit)
49 silly fetch manifest laravel-vite-plugin@^0.8.0
50 http fetch GET 200 https://registry.npmjs.org/laravel-vite-plugin 2ms (cache hit)
51 silly fetch manifest vite@^4.0.0
52 http fetch GET 200 https://registry.npmjs.org/vite 4ms (cache hit)
53 silly fetch manifest @types/node@>= 14
54 http fetch GET 200 https://registry.npmjs.org/@types%2fnode 32ms (cache hit)
55 silly fetch manifest less@*
56 http fetch GET 200 https://registry.npmjs.org/less 7ms (cache hit)
57 silly fetch manifest lightningcss@^1.21.0
58 http fetch GET 200 https://registry.npmjs.org/lightningcss 2ms (cache hit)
59 silly fetch manifest sass@*
60 http fetch GET 200 https://registry.npmjs.org/sass 2ms (cache hit)
61 silly fetch manifest stylus@*
62 http fetch GET 200 https://registry.npmjs.org/stylus 2ms (cache hit)
63 silly fetch manifest sugarss@*
64 http fetch GET 200 https://registry.npmjs.org/sugarss 1ms (cache hit)
65 silly fetch manifest terser@^5.4.0
66 http fetch GET 200 https://registry.npmjs.org/terser 2ms (cache hit)
67 silly placeDep ROOT @tailwindcss/forms@0.5.6 OK for:  want: ^0.5.2
68 silly placeDep ROOT tailwindcss@3.3.3 OK for: @tailwindcss/forms@0.5.6 want: >=3.0.0 || >= 3.0.0-alpha.1
69 silly fetch manifest mini-svg-data-uri@^1.2.3
70 silly fetch manifest @alloc/quick-lru@^5.2.0
71 silly fetch manifest arg@^5.0.2
72 silly fetch manifest chokidar@^3.5.3
73 silly fetch manifest didyoumean@^1.2.2
74 silly fetch manifest dlv@^1.1.3
75 silly fetch manifest fast-glob@^3.2.12
76 silly fetch manifest glob-parent@^6.0.2
77 silly fetch manifest is-glob@^4.0.3
78 silly fetch manifest jiti@^1.18.2
79 silly fetch manifest lilconfig@^2.1.0
80 silly fetch manifest micromatch@^4.0.5
81 silly fetch manifest normalize-path@^3.0.0
82 silly fetch manifest object-hash@^3.0.0
83 silly fetch manifest picocolors@^1.0.0
84 silly fetch manifest postcss@^8.4.23
85 silly fetch manifest postcss-import@^15.1.0
86 silly fetch manifest postcss-js@^4.0.1
87 silly fetch manifest postcss-load-config@^4.0.1
88 silly fetch manifest postcss-nested@^6.0.1
89 silly fetch manifest postcss-selector-parser@^6.0.11
90 silly fetch manifest resolve@^1.22.2
91 silly fetch manifest sucrase@^3.32.0
92 silly placeDep ROOT alpinejs@3.13.0 OK for:  want: ^3.4.2
93 silly fetch manifest @vue/reactivity@~3.1.1
94 silly placeDep ROOT autoprefixer@10.4.15 OK for:  want: ^10.4.2
95 silly placeDep ROOT postcss@8.4.29 OK for: autoprefixer@10.4.15 want: ^8.1.0
96 silly fetch manifest browserslist@^4.21.10
97 silly fetch manifest caniuse-lite@^1.0.30001520
98 silly fetch manifest fraction.js@^4.2.0
99 silly fetch manifest normalize-range@^0.1.2
100 silly fetch manifest postcss-value-parser@^4.2.0
101 silly fetch manifest nanoid@^3.3.6
102 silly fetch manifest source-map-js@^1.0.2
103 silly placeDep ROOT axios@1.5.0 OK for:  want: ^1.1.2
104 silly fetch manifest follow-redirects@^1.15.0
105 silly fetch manifest form-data@^4.0.0
106 silly fetch manifest proxy-from-env@^1.1.0
107 silly placeDep ROOT laravel-vite-plugin@0.8.0 OK for:  want: ^0.8.0
108 silly placeDep ROOT vite@4.4.9 OK for: laravel-vite-plugin@0.8.0 want: ^3.0.0 || ^4.0.0
109 silly fetch manifest vite-plugin-full-reload@^1.0.5
110 silly fetch manifest esbuild@^0.18.10
111 silly fetch manifest rollup@^3.27.1
112 silly fetch manifest fsevents@~2.3.2
113 http fetch GET 200 https://registry.npmjs.org/@alloc%2fquick-lru 105ms (cache hit)
114 http fetch GET 200 https://registry.npmjs.org/mini-svg-data-uri 107ms (cache hit)
115 http fetch GET 200 https://registry.npmjs.org/didyoumean 105ms (cache hit)
116 http fetch GET 200 https://registry.npmjs.org/glob-parent 104ms (cache hit)
117 http fetch GET 200 https://registry.npmjs.org/fast-glob 106ms (cache hit)
118 http fetch GET 200 https://registry.npmjs.org/arg 108ms (cache hit)
119 http fetch GET 200 https://registry.npmjs.org/normalize-path 103ms (cache hit)
120 http fetch GET 200 https://registry.npmjs.org/dlv 107ms (cache hit)
121 http fetch GET 200 https://registry.npmjs.org/object-hash 102ms (cache hit)
122 http fetch GET 200 https://registry.npmjs.org/is-glob 106ms (cache hit)
123 http fetch GET 200 https://registry.npmjs.org/picocolors 103ms (cache hit)
124 http fetch GET 200 https://registry.npmjs.org/postcss-js 102ms (cache hit)
125 http fetch GET 200 https://registry.npmjs.org/postcss-import 103ms (cache hit)
126 http fetch GET 200 https://registry.npmjs.org/lilconfig 107ms (cache hit)
127 http fetch GET 200 https://registry.npmjs.org/postcss-nested 102ms (cache hit)
128 http fetch GET 200 https://registry.npmjs.org/jiti 109ms (cache hit)
129 http fetch GET 200 https://registry.npmjs.org/postcss-load-config 106ms (cache hit)
130 http fetch GET 200 https://registry.npmjs.org/postcss-selector-parser 104ms (cache hit)
131 http fetch GET 200 https://registry.npmjs.org/chokidar 114ms (cache hit)
132 http fetch GET 200 https://registry.npmjs.org/@vue%2freactivity 103ms (cache hit)
133 http fetch GET 200 https://registry.npmjs.org/resolve 109ms (cache hit)
134 http fetch GET 200 https://registry.npmjs.org/fraction.js 104ms (cache hit)
135 http fetch GET 200 https://registry.npmjs.org/micromatch 115ms (cache hit)
136 http fetch GET 200 https://registry.npmjs.org/postcss-value-parser 103ms (cache hit)
137 http fetch GET 200 https://registry.npmjs.org/sucrase 111ms (cache hit)
138 http fetch GET 200 https://registry.npmjs.org/browserslist 109ms (cache hit)
139 http fetch GET 200 https://registry.npmjs.org/source-map-js 105ms (cache hit)
140 http fetch GET 200 https://registry.npmjs.org/form-data 104ms (cache hit)
141 http fetch GET 200 https://registry.npmjs.org/proxy-from-env 103ms (cache hit)
142 http fetch GET 200 https://registry.npmjs.org/nanoid 107ms (cache hit)
143 http fetch GET 200 https://registry.npmjs.org/follow-redirects 107ms (cache hit)
144 http fetch GET 200 https://registry.npmjs.org/vite-plugin-full-reload 102ms (cache hit)
145 http fetch GET 200 https://registry.npmjs.org/caniuse-lite 114ms (cache hit)
146 http fetch GET 200 https://registry.npmjs.org/esbuild 104ms (cache hit)
147 http fetch GET 200 https://registry.npmjs.org/rollup 114ms (cache hit)
148 http fetch GET 200 https://registry.npmjs.org/fsevents 127ms (cache hit)
149 http fetch GET 200 https://registry.npmjs.org/normalize-range 172ms (cache hit)
150 timing idealTree:#root Completed in 405ms
151 silly placeDep ROOT mini-svg-data-uri@1.4.4 OK for: @tailwindcss/forms@0.5.6 want: ^1.2.3
152 timing idealTree:node_modules/@tailwindcss/forms Completed in 1ms
153 silly placeDep ROOT @vue/reactivity@3.1.5 OK for: alpinejs@3.13.0 want: ~3.1.1
154 silly fetch manifest @vue/shared@3.1.5
155 http fetch GET 200 https://registry.npmjs.org/@vue%2fshared 2ms (cache hit)
156 timing idealTree:node_modules/alpinejs Completed in 5ms
157 silly placeDep ROOT @vue/shared@3.1.5 OK for: @vue/reactivity@3.1.5 want: 3.1.5
158 timing idealTree:node_modules/@vue/reactivity Completed in 1ms
159 timing idealTree:node_modules/@vue/shared Completed in 0ms
160 silly placeDep ROOT browserslist@4.21.10 OK for: autoprefixer@10.4.15 want: ^4.21.10
161 silly fetch manifest caniuse-lite@^1.0.30001517
162 silly fetch manifest electron-to-chromium@^1.4.477
163 silly fetch manifest node-releases@^2.0.13
164 silly fetch manifest update-browserslist-db@^1.0.11
165 silly placeDep ROOT caniuse-lite@1.0.30001534 OK for: autoprefixer@10.4.15 want: ^1.0.30001520
166 silly placeDep ROOT fraction.js@4.3.6 OK for: autoprefixer@10.4.15 want: ^4.2.0
167 silly placeDep ROOT normalize-range@0.1.2 OK for: autoprefixer@10.4.15 want: ^0.1.2
168 silly placeDep ROOT picocolors@1.0.0 OK for: autoprefixer@10.4.15 want: ^1.0.0
169 silly placeDep ROOT postcss-value-parser@4.2.0 OK for: autoprefixer@10.4.15 want: ^4.2.0
170 http fetch GET 200 https://registry.npmjs.org/update-browserslist-db 9ms (cache hit)
171 http fetch GET 200 https://registry.npmjs.org/electron-to-chromium 13ms (cache hit)
172 http fetch GET 200 https://registry.npmjs.org/node-releases 21ms (cache hit)
173 timing idealTree:node_modules/autoprefixer Completed in 25ms
174 silly placeDep ROOT follow-redirects@1.15.2 OK for: axios@1.5.0 want: ^1.15.0
175 silly placeDep ROOT form-data@4.0.0 OK for: axios@1.5.0 want: ^4.0.0
176 silly fetch manifest asynckit@^0.4.0
177 silly fetch manifest combined-stream@^1.0.8
178 silly fetch manifest mime-types@^2.1.12
179 silly placeDep ROOT proxy-from-env@1.1.0 OK for: axios@1.5.0 want: ^1.1.0
180 http fetch GET 200 https://registry.npmjs.org/combined-stream 4ms (cache hit)
181 http fetch GET 200 https://registry.npmjs.org/asynckit 5ms (cache hit)
182 http fetch GET 200 https://registry.npmjs.org/mime-types 5ms (cache hit)
183 timing idealTree:node_modules/axios Completed in 8ms
184 silly fetch manifest browserslist@>= 4.21.0
185 silly placeDep ROOT electron-to-chromium@1.4.520 OK for: browserslist@4.21.10 want: ^1.4.477
186 silly placeDep ROOT node-releases@2.0.13 OK for: browserslist@4.21.10 want: ^2.0.13
187 silly placeDep ROOT update-browserslist-db@1.0.11 OK for: browserslist@4.21.10 want: ^1.0.11
188 silly fetch manifest escalade@^3.1.1
189 http fetch GET 200 https://registry.npmjs.org/escalade 1ms (cache hit)
190 timing idealTree:node_modules/browserslist Completed in 5ms
191 timing idealTree:node_modules/caniuse-lite Completed in 0ms
192 timing idealTree:node_modules/electron-to-chromium Completed in 0ms
193 timing idealTree:node_modules/follow-redirects Completed in 0ms
194 silly placeDep ROOT asynckit@0.4.0 OK for: form-data@4.0.0 want: ^0.4.0
195 silly placeDep ROOT combined-stream@1.0.8 OK for: form-data@4.0.0 want: ^1.0.8
196 silly fetch manifest delayed-stream@~1.0.0
197 silly placeDep ROOT mime-types@2.1.35 OK for: form-data@4.0.0 want: ^2.1.12
198 silly fetch manifest mime-db@1.52.0
199 http fetch GET 200 https://registry.npmjs.org/delayed-stream 28ms (cache hit)
200 http fetch GET 200 https://registry.npmjs.org/mime-db 27ms (cache hit)
201 timing idealTree:node_modules/form-data Completed in 32ms
202 timing idealTree:node_modules/asynckit Completed in 0ms
203 silly placeDep ROOT delayed-stream@1.0.0 OK for: combined-stream@1.0.8 want: ~1.0.0
204 timing idealTree:node_modules/combined-stream Completed in 1ms
205 timing idealTree:node_modules/delayed-stream Completed in 0ms
206 timing idealTree:node_modules/fraction.js Completed in 0ms
207 silly fetch manifest vite@^3.0.0 || ^4.0.0
208 silly fetch manifest postcss@^8.3.3
209 silly placeDep ROOT vite-plugin-full-reload@1.0.5 OK for: laravel-vite-plugin@0.8.0 want: ^1.0.5
210 silly fetch manifest picomatch@^2.3.1
211 http fetch GET 200 https://registry.npmjs.org/picomatch 2ms (cache hit)
212 timing idealTree:node_modules/laravel-vite-plugin Completed in 6ms
213 silly placeDep ROOT mime-db@1.52.0 OK for: mime-types@2.1.35 want: 1.52.0
214 timing idealTree:node_modules/mime-types Completed in 1ms
215 timing idealTree:node_modules/mime-db Completed in 0ms
216 timing idealTree:node_modules/mini-svg-data-uri Completed in 0ms
217 timing idealTree:node_modules/node-releases Completed in 0ms
218 timing idealTree:node_modules/normalize-range Completed in 0ms
219 timing idealTree:node_modules/picocolors Completed in 0ms
220 silly placeDep ROOT nanoid@3.3.6 OK for: postcss@8.4.29 want: ^3.3.6
221 silly placeDep ROOT source-map-js@1.0.2 OK for: postcss@8.4.29 want: ^1.0.2
222 timing idealTree:node_modules/postcss Completed in 1ms
223 timing idealTree:node_modules/nanoid Completed in 0ms
224 timing idealTree:node_modules/postcss-value-parser Completed in 0ms
225 timing idealTree:node_modules/proxy-from-env Completed in 0ms
226 timing idealTree:node_modules/source-map-js Completed in 0ms
227 silly fetch manifest ts-node@>=9.0.0
228 http fetch GET 200 https://registry.npmjs.org/ts-node 2ms (cache hit)
229 silly fetch manifest @swc/core@>=1.2.50
230 http fetch GET 200 https://registry.npmjs.org/@swc%2fcore 3ms (cache hit)
231 silly fetch manifest @swc/helpers@^0.5.0
232 http fetch GET 200 https://registry.npmjs.org/@swc%2fhelpers 4ms (cache hit)
233 silly fetch manifest @swc/wasm@>=1.2.50
234 http fetch GET 200 https://registry.npmjs.org/@swc%2fwasm 2ms (cache hit)
235 silly fetch manifest @types/node@*
236 silly fetch manifest typescript@>=2.7
237 http fetch GET 200 https://registry.npmjs.org/typescript 18ms (cache hit)
238 silly placeDep ROOT @alloc/quick-lru@5.2.0 OK for: tailwindcss@3.3.3 want: ^5.2.0
239 silly placeDep ROOT arg@5.0.2 OK for: tailwindcss@3.3.3 want: ^5.0.2
240 silly placeDep ROOT chokidar@3.5.3 OK for: tailwindcss@3.3.3 want: ^3.5.3
241 silly fetch manifest anymatch@~3.1.2
242 silly fetch manifest braces@~3.0.2
243 silly fetch manifest glob-parent@~5.1.2
244 silly fetch manifest is-binary-path@~2.1.0
245 silly fetch manifest is-glob@~4.0.1
246 silly fetch manifest normalize-path@~3.0.0
247 silly fetch manifest readdirp@~3.6.0
248 silly placeDep ROOT didyoumean@1.2.2 OK for: tailwindcss@3.3.3 want: ^1.2.2
249 silly placeDep ROOT dlv@1.1.3 OK for: tailwindcss@3.3.3 want: ^1.1.3
250 silly placeDep ROOT fast-glob@3.3.1 OK for: tailwindcss@3.3.3 want: ^3.2.12
251 silly fetch manifest @nodelib/fs.stat@^2.0.2
252 silly fetch manifest @nodelib/fs.walk@^1.2.3
253 silly fetch manifest glob-parent@^5.1.2
254 silly fetch manifest merge2@^1.3.0
255 silly fetch manifest micromatch@^4.0.4
256 silly placeDep ROOT glob-parent@6.0.2 OK for: tailwindcss@3.3.3 want: ^6.0.2
257 silly placeDep ROOT is-glob@4.0.3 OK for: tailwindcss@3.3.3 want: ^4.0.3
258 silly fetch manifest is-extglob@^2.1.1
259 silly placeDep ROOT jiti@1.20.0 OK for: tailwindcss@3.3.3 want: ^1.18.2
260 silly placeDep ROOT lilconfig@2.1.0 OK for: tailwindcss@3.3.3 want: ^2.1.0
261 silly placeDep ROOT micromatch@4.0.5 OK for: tailwindcss@3.3.3 want: ^4.0.5
262 silly fetch manifest braces@^3.0.2
263 silly placeDep ROOT normalize-path@3.0.0 OK for: tailwindcss@3.3.3 want: ^3.0.0
264 silly placeDep ROOT object-hash@3.0.0 OK for: tailwindcss@3.3.3 want: ^3.0.0
265 silly placeDep ROOT postcss-import@15.1.0 OK for: tailwindcss@3.3.3 want: ^15.1.0
266 silly fetch manifest read-cache@^1.0.0
267 silly fetch manifest resolve@^1.1.7
268 silly placeDep ROOT postcss-js@4.0.1 OK for: tailwindcss@3.3.3 want: ^4.0.1
269 silly fetch manifest camelcase-css@^2.0.1
270 silly placeDep ROOT postcss-load-config@4.0.1 OK for: tailwindcss@3.3.3 want: ^4.0.1
271 silly fetch manifest yaml@^2.1.1
272 silly placeDep ROOT postcss-nested@6.0.1 OK for: tailwindcss@3.3.3 want: ^6.0.1
273 silly placeDep ROOT postcss-selector-parser@6.0.13 OK for: tailwindcss@3.3.3 want: ^6.0.11
274 silly fetch manifest cssesc@^3.0.0
275 silly fetch manifest util-deprecate@^1.0.2
276 silly placeDep ROOT resolve@1.22.4 OK for: tailwindcss@3.3.3 want: ^1.22.2
277 silly fetch manifest is-core-module@^2.13.0
278 silly fetch manifest path-parse@^1.0.7
279 silly fetch manifest supports-preserve-symlinks-flag@^1.0.0
280 silly placeDep ROOT sucrase@3.34.0 OK for: tailwindcss@3.3.3 want: ^3.32.0
281 silly fetch manifest @jridgewell/gen-mapping@^0.3.2
282 silly fetch manifest commander@^4.0.0
283 silly fetch manifest glob@7.1.6
284 silly fetch manifest lines-and-columns@^1.1.6
285 silly fetch manifest mz@^2.7.0
286 silly fetch manifest pirates@^4.0.1
287 silly fetch manifest ts-interface-checker@^0.1.9
288 http fetch GET 200 https://registry.npmjs.org/is-binary-path 87ms (cache hit)
289 http fetch GET 200 https://registry.npmjs.org/braces 89ms (cache hit)
290 http fetch GET 200 https://registry.npmjs.org/readdirp 87ms (cache hit)
291 http fetch GET 200 https://registry.npmjs.org/merge2 85ms (cache hit)
292 http fetch GET 200 https://registry.npmjs.org/camelcase-css 72ms (cache hit)
293 http fetch GET 200 https://registry.npmjs.org/@nodelib%2ffs.walk 87ms (cache hit)
294 http fetch GET 200 https://registry.npmjs.org/@nodelib%2ffs.stat 87ms (cache hit)
295 http fetch GET 200 https://registry.npmjs.org/braces 79ms (cache hit)
296 http fetch GET 200 https://registry.npmjs.org/util-deprecate 69ms (cache hit)
297 http fetch GET 200 https://registry.npmjs.org/supports-preserve-symlinks-flag 67ms (cache hit)
298 http fetch GET 200 https://registry.npmjs.org/yaml 72ms (cache hit)
299 http fetch GET 200 https://registry.npmjs.org/mz 65ms (cache hit)
300 http fetch GET 200 https://registry.npmjs.org/is-extglob 87ms (cache hit)
301 http fetch GET 200 https://registry.npmjs.org/@jridgewell%2fgen-mapping 68ms (cache hit)
302 http fetch GET 200 https://registry.npmjs.org/glob 67ms (cache hit)
303 http fetch GET 200 https://registry.npmjs.org/commander 69ms (cache hit)
304 http fetch GET 200 https://registry.npmjs.org/read-cache 81ms (cache hit)
305 http fetch GET 200 https://registry.npmjs.org/lines-and-columns 70ms (cache hit)
306 http fetch GET 200 https://registry.npmjs.org/cssesc 77ms (cache hit)
307 http fetch GET 200 https://registry.npmjs.org/pirates 71ms (cache hit)
308 http fetch GET 200 https://registry.npmjs.org/ts-interface-checker 71ms (cache hit)
309 http fetch GET 200 https://registry.npmjs.org/is-core-module 77ms (cache hit)
310 http fetch GET 200 https://registry.npmjs.org/path-parse 77ms (cache hit)
311 http fetch GET 200 https://registry.npmjs.org/anymatch 105ms (cache hit)
312 timing idealTree:node_modules/tailwindcss Completed in 223ms
313 timing idealTree:node_modules/@alloc/quick-lru Completed in 1ms
314 timing idealTree:node_modules/arg Completed in 0ms
315 silly placeDep ROOT anymatch@3.1.3 OK for: chokidar@3.5.3 want: ~3.1.2
316 silly fetch manifest picomatch@^2.0.4
317 silly placeDep ROOT braces@3.0.2 OK for: chokidar@3.5.3 want: ~3.0.2
318 silly fetch manifest fill-range@^7.0.1
319 silly placeDep ROOT fsevents@2.3.3 OK for: chokidar@3.5.3 want: ~2.3.2
320 silly placeDep node_modules/chokidar glob-parent@5.1.2 OK for: chokidar@3.5.3 want: ~5.1.2
321 silly placeDep ROOT is-binary-path@2.1.0 OK for: chokidar@3.5.3 want: ~2.1.0
322 silly fetch manifest binary-extensions@^2.0.0
323 silly placeDep ROOT readdirp@3.6.0 OK for: chokidar@3.5.3 want: ~3.6.0
324 silly fetch manifest picomatch@^2.2.1
325 http fetch GET 200 https://registry.npmjs.org/fill-range 5ms (cache hit)
326 http fetch GET 200 https://registry.npmjs.org/binary-extensions 4ms (cache hit)
327 timing idealTree:node_modules/chokidar Completed in 9ms
328 silly placeDep ROOT picomatch@2.3.1 OK for: anymatch@3.1.3 want: ^2.0.4
329 timing idealTree:node_modules/anymatch Completed in 1ms
330 silly placeDep ROOT fill-range@7.0.1 OK for: braces@3.0.2 want: ^7.0.1
331 silly fetch manifest to-regex-range@^5.0.1
332 http fetch GET 200 https://registry.npmjs.org/to-regex-range 2ms (cache hit)
333 timing idealTree:node_modules/braces Completed in 3ms
334 timing idealTree:node_modules/didyoumean Completed in 0ms
335 timing idealTree:node_modules/dlv Completed in 0ms
336 silly placeDep ROOT @nodelib/fs.stat@2.0.5 OK for: fast-glob@3.3.1 want: ^2.0.2
337 silly placeDep ROOT @nodelib/fs.walk@1.2.8 OK for: fast-glob@3.3.1 want: ^1.2.3
338 silly fetch manifest @nodelib/fs.scandir@2.1.5
339 silly fetch manifest fastq@^1.6.0
340 silly placeDep node_modules/fast-glob glob-parent@5.1.2 OK for: fast-glob@3.3.1 want: ^5.1.2
341 silly placeDep ROOT merge2@1.4.1 OK for: fast-glob@3.3.1 want: ^1.3.0
342 http fetch GET 200 https://registry.npmjs.org/@nodelib%2ffs.scandir 5ms (cache hit)
343 http fetch GET 200 https://registry.npmjs.org/fastq 5ms (cache hit)
344 timing idealTree:node_modules/fast-glob Completed in 8ms
345 timing idealTree:node_modules/@nodelib/fs.stat Completed in 0ms
346 silly placeDep ROOT @nodelib/fs.scandir@2.1.5 OK for: @nodelib/fs.walk@1.2.8 want: 2.1.5
347 silly fetch manifest run-parallel@^1.1.9
348 silly placeDep ROOT fastq@1.15.0 OK for: @nodelib/fs.walk@1.2.8 want: ^1.6.0
349 silly fetch manifest reusify@^1.0.4
350 http fetch GET 200 https://registry.npmjs.org/run-parallel 37ms (cache hit)
351 http fetch GET 200 https://registry.npmjs.org/reusify 38ms (cache hit)
352 timing idealTree:node_modules/@nodelib/fs.walk Completed in 41ms
353 silly placeDep ROOT run-parallel@1.2.0 OK for: @nodelib/fs.scandir@2.1.5 want: ^1.1.9
354 silly fetch manifest queue-microtask@^1.2.2
355 http fetch GET 200 https://registry.npmjs.org/queue-microtask 1ms (cache hit)
356 timing idealTree:node_modules/@nodelib/fs.scandir Completed in 4ms
357 silly placeDep ROOT reusify@1.0.4 OK for: fastq@1.15.0 want: ^1.0.4
358 timing idealTree:node_modules/fastq Completed in 0ms
359 silly placeDep ROOT to-regex-range@5.0.1 OK for: fill-range@7.0.1 want: ^5.0.1
360 silly fetch manifest is-number@^7.0.0
361 http fetch GET 200 https://registry.npmjs.org/is-number 2ms (cache hit)
362 timing idealTree:node_modules/fill-range Completed in 3ms
363 timing idealTree:node_modules/fsevents Completed in 0ms
364 timing idealTree:node_modules/glob-parent Completed in 1ms
365 silly placeDep ROOT binary-extensions@2.2.0 OK for: is-binary-path@2.1.0 want: ^2.0.0
366 timing idealTree:node_modules/is-binary-path Completed in 0ms
367 timing idealTree:node_modules/binary-extensions Completed in 0ms
368 silly placeDep ROOT is-extglob@2.1.1 OK for: is-glob@4.0.3 want: ^2.1.1
369 timing idealTree:node_modules/is-glob Completed in 1ms
370 timing idealTree:node_modules/is-extglob Completed in 0ms
371 timing idealTree:node_modules/jiti Completed in 0ms
372 timing idealTree:node_modules/lilconfig Completed in 0ms
373 timing idealTree:node_modules/merge2 Completed in 0ms
374 timing idealTree:node_modules/micromatch Completed in 0ms
375 timing idealTree:node_modules/normalize-path Completed in 0ms
376 timing idealTree:node_modules/object-hash Completed in 0ms
377 timing idealTree:node_modules/picomatch Completed in 0ms
378 silly placeDep ROOT read-cache@1.0.0 OK for: postcss-import@15.1.0 want: ^1.0.0
379 silly fetch manifest pify@^2.3.0
380 http fetch GET 200 https://registry.npmjs.org/pify 1ms (cache hit)
381 timing idealTree:node_modules/postcss-import Completed in 4ms
382 silly placeDep ROOT camelcase-css@2.0.1 OK for: postcss-js@4.0.1 want: ^2.0.1
383 timing idealTree:node_modules/postcss-js Completed in 0ms
384 timing idealTree:node_modules/camelcase-css Completed in 0ms
385 silly placeDep ROOT yaml@2.3.2 OK for: postcss-load-config@4.0.1 want: ^2.1.1
386 timing idealTree:node_modules/postcss-load-config Completed in 1ms
387 timing idealTree:node_modules/postcss-nested Completed in 0ms
388 silly placeDep ROOT cssesc@3.0.0 OK for: postcss-selector-parser@6.0.13 want: ^3.0.0
389 silly placeDep ROOT util-deprecate@1.0.2 OK for: postcss-selector-parser@6.0.13 want: ^1.0.2
390 timing idealTree:node_modules/postcss-selector-parser Completed in 2ms
391 timing idealTree:node_modules/cssesc Completed in 0ms
392 silly placeDep ROOT pify@2.3.0 OK for: read-cache@1.0.0 want: ^2.3.0
393 timing idealTree:node_modules/read-cache Completed in 0ms
394 timing idealTree:node_modules/pify Completed in 0ms
395 timing idealTree:node_modules/readdirp Completed in 0ms
396 silly placeDep ROOT is-core-module@2.13.0 OK for: resolve@1.22.4 want: ^2.13.0
397 silly fetch manifest has@^1.0.3
398 silly placeDep ROOT path-parse@1.0.7 OK for: resolve@1.22.4 want: ^1.0.7
399 silly placeDep ROOT supports-preserve-symlinks-flag@1.0.0 OK for: resolve@1.22.4 want: ^1.0.0
400 http fetch GET 200 https://registry.npmjs.org/has 3ms (cache hit)
401 timing idealTree:node_modules/resolve Completed in 5ms
402 silly placeDep ROOT has@1.0.3 OK for: is-core-module@2.13.0 want: ^1.0.3
403 silly fetch manifest function-bind@^1.1.1
404 http fetch GET 200 https://registry.npmjs.org/function-bind 1ms (cache hit)
405 timing idealTree:node_modules/is-core-module Completed in 3ms
406 silly placeDep ROOT function-bind@1.1.1 OK for: has@1.0.3 want: ^1.1.1
407 timing idealTree:node_modules/has Completed in 1ms
408 timing idealTree:node_modules/function-bind Completed in 0ms
409 timing idealTree:node_modules/path-parse Completed in 0ms
410 timing idealTree:node_modules/reusify Completed in 0ms
411 silly placeDep ROOT queue-microtask@1.2.3 OK for: run-parallel@1.2.0 want: ^1.2.2
412 timing idealTree:node_modules/run-parallel Completed in 1ms
413 timing idealTree:node_modules/queue-microtask Completed in 0ms
414 silly placeDep ROOT @jridgewell/gen-mapping@0.3.3 OK for: sucrase@3.34.0 want: ^0.3.2
415 silly fetch manifest @jridgewell/set-array@^1.0.1
416 silly fetch manifest @jridgewell/sourcemap-codec@^1.4.10
417 silly fetch manifest @jridgewell/trace-mapping@^0.3.9
418 silly placeDep ROOT commander@4.1.1 OK for: sucrase@3.34.0 want: ^4.0.0
419 silly placeDep ROOT glob@7.1.6 OK for: sucrase@3.34.0 want: 7.1.6
420 silly fetch manifest fs.realpath@^1.0.0
421 silly fetch manifest inflight@^1.0.4
422 silly fetch manifest inherits@2
423 silly fetch manifest minimatch@^3.0.4
424 silly fetch manifest once@^1.3.0
425 silly fetch manifest path-is-absolute@^1.0.0
426 silly placeDep ROOT lines-and-columns@1.2.4 OK for: sucrase@3.34.0 want: ^1.1.6
427 silly placeDep ROOT mz@2.7.0 OK for: sucrase@3.34.0 want: ^2.7.0
428 silly fetch manifest any-promise@^1.0.0
429 silly fetch manifest object-assign@^4.0.1
430 silly fetch manifest thenify-all@^1.0.0
431 silly placeDep ROOT pirates@4.0.6 OK for: sucrase@3.34.0 want: ^4.0.1
432 silly placeDep ROOT ts-interface-checker@0.1.13 OK for: sucrase@3.34.0 want: ^0.1.9
433 http fetch GET 200 https://registry.npmjs.org/@jridgewell%2fset-array 24ms (cache hit)
434 http fetch GET 200 https://registry.npmjs.org/@jridgewell%2fsourcemap-codec 23ms (cache hit)
435 http fetch GET 200 https://registry.npmjs.org/@jridgewell%2ftrace-mapping 23ms (cache hit)
436 http fetch GET 200 https://registry.npmjs.org/fs.realpath 22ms (cache hit)
437 http fetch GET 200 https://registry.npmjs.org/inflight 22ms (cache hit)
438 http fetch GET 200 https://registry.npmjs.org/inherits 21ms (cache hit)
439 http fetch GET 200 https://registry.npmjs.org/once 20ms (cache hit)
440 http fetch GET 200 https://registry.npmjs.org/minimatch 21ms (cache hit)
441 http fetch GET 200 https://registry.npmjs.org/any-promise 20ms (cache hit)
442 http fetch GET 200 https://registry.npmjs.org/object-assign 20ms (cache hit)
443 http fetch GET 200 https://registry.npmjs.org/path-is-absolute 22ms (cache hit)
444 http fetch GET 200 https://registry.npmjs.org/thenify-all 20ms (cache hit)
445 timing idealTree:node_modules/sucrase Completed in 31ms
446 silly placeDep ROOT @jridgewell/set-array@1.1.2 OK for: @jridgewell/gen-mapping@0.3.3 want: ^1.0.1
447 silly placeDep ROOT @jridgewell/sourcemap-codec@1.4.15 OK for: @jridgewell/gen-mapping@0.3.3 want: ^1.4.10
448 silly placeDep ROOT @jridgewell/trace-mapping@0.3.19 OK for: @jridgewell/gen-mapping@0.3.3 want: ^0.3.9
449 silly fetch manifest @jridgewell/resolve-uri@^3.1.0
450 http fetch GET 200 https://registry.npmjs.org/@jridgewell%2fresolve-uri 37ms (cache hit)
451 timing idealTree:node_modules/@jridgewell/gen-mapping Completed in 41ms
452 timing idealTree:node_modules/@jridgewell/set-array Completed in 0ms
453 timing idealTree:node_modules/@jridgewell/sourcemap-codec Completed in 0ms
454 silly placeDep ROOT @jridgewell/resolve-uri@3.1.1 OK for: @jridgewell/trace-mapping@0.3.19 want: ^3.1.0
455 timing idealTree:node_modules/@jridgewell/trace-mapping Completed in 1ms
456 timing idealTree:node_modules/@jridgewell/resolve-uri Completed in 0ms
457 timing idealTree:node_modules/commander Completed in 0ms
458 silly placeDep ROOT fs.realpath@1.0.0 OK for: glob@7.1.6 want: ^1.0.0
459 silly placeDep ROOT inflight@1.0.6 OK for: glob@7.1.6 want: ^1.0.4
460 silly fetch manifest wrappy@1
461 silly placeDep ROOT inherits@2.0.4 OK for: glob@7.1.6 want: 2
462 silly placeDep ROOT minimatch@3.1.2 OK for: glob@7.1.6 want: ^3.0.4
463 silly fetch manifest brace-expansion@^1.1.7
464 silly placeDep ROOT once@1.4.0 OK for: glob@7.1.6 want: ^1.3.0
465 silly placeDep ROOT path-is-absolute@1.0.1 OK for: glob@7.1.6 want: ^1.0.0
466 http fetch GET 200 https://registry.npmjs.org/wrappy 9ms (cache hit)
467 http fetch GET 200 https://registry.npmjs.org/brace-expansion 8ms (cache hit)
468 timing idealTree:node_modules/glob Completed in 12ms
469 timing idealTree:node_modules/fs.realpath Completed in 0ms
470 silly placeDep ROOT wrappy@1.0.2 OK for: inflight@1.0.6 want: 1
471 timing idealTree:node_modules/inflight Completed in 1ms
472 timing idealTree:node_modules/inherits Completed in 0ms
473 timing idealTree:node_modules/lines-and-columns Completed in 0ms
474 silly placeDep ROOT brace-expansion@1.1.11 OK for: minimatch@3.1.2 want: ^1.1.7
475 silly fetch manifest balanced-match@^1.0.0
476 silly fetch manifest concat-map@0.0.1
477 http fetch GET 200 https://registry.npmjs.org/balanced-match 3ms (cache hit)
478 http fetch GET 200 https://registry.npmjs.org/concat-map 3ms (cache hit)
479 timing idealTree:node_modules/minimatch Completed in 5ms
480 silly placeDep ROOT balanced-match@1.0.2 OK for: brace-expansion@1.1.11 want: ^1.0.0
481 silly placeDep ROOT concat-map@0.0.1 OK for: brace-expansion@1.1.11 want: 0.0.1
482 timing idealTree:node_modules/brace-expansion Completed in 1ms
483 timing idealTree:node_modules/balanced-match Completed in 0ms
484 timing idealTree:node_modules/concat-map Completed in 0ms
485 silly placeDep ROOT any-promise@1.3.0 OK for: mz@2.7.0 want: ^1.0.0
486 silly placeDep ROOT object-assign@4.1.1 OK for: mz@2.7.0 want: ^4.0.1
487 silly placeDep ROOT thenify-all@1.6.0 OK for: mz@2.7.0 want: ^1.0.0
488 silly fetch manifest thenify@>= 3.1.0 < 4
489 http fetch GET 200 https://registry.npmjs.org/thenify 1ms (cache hit)
490 timing idealTree:node_modules/mz Completed in 4ms
491 timing idealTree:node_modules/any-promise Completed in 0ms
492 timing idealTree:node_modules/object-assign Completed in 0ms
493 timing idealTree:node_modules/once Completed in 0ms
494 timing idealTree:node_modules/path-is-absolute Completed in 0ms
495 timing idealTree:node_modules/pirates Completed in 0ms
496 timing idealTree:node_modules/supports-preserve-symlinks-flag Completed in 0ms
497 silly placeDep ROOT thenify@3.3.1 OK for: thenify-all@1.6.0 want: >= 3.1.0 < 4
498 timing idealTree:node_modules/thenify-all Completed in 0ms
499 timing idealTree:node_modules/thenify Completed in 0ms
500 silly placeDep ROOT is-number@7.0.0 OK for: to-regex-range@5.0.1 want: ^7.0.0
501 timing idealTree:node_modules/to-regex-range Completed in 0ms
502 timing idealTree:node_modules/is-number Completed in 0ms
503 timing idealTree:node_modules/ts-interface-checker Completed in 0ms
504 silly placeDep ROOT escalade@3.1.1 OK for: update-browserslist-db@1.0.11 want: ^3.1.1
505 timing idealTree:node_modules/update-browserslist-db Completed in 1ms
506 timing idealTree:node_modules/escalade Completed in 0ms
507 timing idealTree:node_modules/util-deprecate Completed in 0ms
508 silly placeDep ROOT esbuild@0.18.20 OK for: vite@4.4.9 want: ^0.18.10
509 silly fetch manifest @esbuild/android-arm@0.18.20
510 silly fetch manifest @esbuild/android-arm64@0.18.20
511 silly fetch manifest @esbuild/android-x64@0.18.20
512 silly fetch manifest @esbuild/darwin-arm64@0.18.20
513 silly fetch manifest @esbuild/darwin-x64@0.18.20
514 silly fetch manifest @esbuild/freebsd-arm64@0.18.20
515 silly fetch manifest @esbuild/freebsd-x64@0.18.20
516 silly fetch manifest @esbuild/linux-arm@0.18.20
517 silly fetch manifest @esbuild/linux-arm64@0.18.20
518 silly fetch manifest @esbuild/linux-ia32@0.18.20
519 silly fetch manifest @esbuild/linux-loong64@0.18.20
520 silly fetch manifest @esbuild/linux-mips64el@0.18.20
521 silly fetch manifest @esbuild/linux-ppc64@0.18.20
522 silly fetch manifest @esbuild/linux-riscv64@0.18.20
523 silly fetch manifest @esbuild/linux-s390x@0.18.20
524 silly fetch manifest @esbuild/linux-x64@0.18.20
525 silly fetch manifest @esbuild/netbsd-x64@0.18.20
526 silly fetch manifest @esbuild/openbsd-x64@0.18.20
527 silly fetch manifest @esbuild/sunos-x64@0.18.20
528 silly fetch manifest @esbuild/win32-arm64@0.18.20
529 silly fetch manifest @esbuild/win32-ia32@0.18.20
530 silly fetch manifest @esbuild/win32-x64@0.18.20
531 silly placeDep ROOT rollup@3.29.1 OK for: vite@4.4.9 want: ^3.27.1
532 http fetch GET 200 https://registry.npmjs.org/@esbuild%2fandroid-arm64 70ms (cache hit)
533 http fetch GET 200 https://registry.npmjs.org/@esbuild%2fandroid-arm 73ms (cache hit)
534 http fetch GET 200 https://registry.npmjs.org/@esbuild%2fdarwin-arm64 72ms (cache hit)
535 http fetch GET 200 https://registry.npmjs.org/@esbuild%2fdarwin-x64 73ms (cache hit)
536 http fetch GET 200 https://registry.npmjs.org/@esbuild%2ffreebsd-x64 72ms (cache hit)
537 http fetch GET 200 https://registry.npmjs.org/@esbuild%2flinux-loong64 71ms (cache hit)
538 http fetch GET 200 https://registry.npmjs.org/@esbuild%2fandroid-x64 76ms (cache hit)
539 http fetch GET 200 https://registry.npmjs.org/@esbuild%2flinux-ia32 73ms (cache hit)
540 http fetch GET 200 https://registry.npmjs.org/@esbuild%2ffreebsd-arm64 76ms (cache hit)
541 http fetch GET 200 https://registry.npmjs.org/@esbuild%2flinux-arm 77ms (cache hit)
542 http fetch GET 200 https://registry.npmjs.org/@esbuild%2flinux-s390x 73ms (cache hit)
543 http fetch GET 200 https://registry.npmjs.org/@esbuild%2flinux-ppc64 75ms (cache hit)
544 http fetch GET 200 https://registry.npmjs.org/@esbuild%2flinux-arm64 78ms (cache hit)
545 http fetch GET 200 https://registry.npmjs.org/@esbuild%2flinux-riscv64 77ms (cache hit)
546 http fetch GET 200 https://registry.npmjs.org/@esbuild%2fopenbsd-x64 76ms (cache hit)
547 http fetch GET 200 https://registry.npmjs.org/@esbuild%2flinux-x64 78ms (cache hit)
548 http fetch GET 200 https://registry.npmjs.org/@esbuild%2flinux-mips64el 80ms (cache hit)
549 http fetch GET 200 https://registry.npmjs.org/@esbuild%2fnetbsd-x64 78ms (cache hit)
550 http fetch GET 200 https://registry.npmjs.org/@esbuild%2fwin32-arm64 78ms (cache hit)
551 http fetch GET 200 https://registry.npmjs.org/@esbuild%2fwin32-ia32 77ms (cache hit)
552 http fetch GET 200 https://registry.npmjs.org/@esbuild%2fsunos-x64 79ms (cache hit)
553 http fetch GET 200 https://registry.npmjs.org/@esbuild%2fwin32-x64 84ms (cache hit)
554 timing idealTree:node_modules/vite Completed in 97ms
555 silly placeDep ROOT @esbuild/android-arm@0.18.20 OK for: esbuild@0.18.20 want: 0.18.20
556 silly placeDep ROOT @esbuild/android-arm64@0.18.20 OK for: esbuild@0.18.20 want: 0.18.20
557 silly placeDep ROOT @esbuild/android-x64@0.18.20 OK for: esbuild@0.18.20 want: 0.18.20
558 silly placeDep ROOT @esbuild/darwin-arm64@0.18.20 OK for: esbuild@0.18.20 want: 0.18.20
559 silly placeDep ROOT @esbuild/darwin-x64@0.18.20 OK for: esbuild@0.18.20 want: 0.18.20
560 silly placeDep ROOT @esbuild/freebsd-arm64@0.18.20 OK for: esbuild@0.18.20 want: 0.18.20
561 silly placeDep ROOT @esbuild/freebsd-x64@0.18.20 OK for: esbuild@0.18.20 want: 0.18.20
562 silly placeDep ROOT @esbuild/linux-arm@0.18.20 OK for: esbuild@0.18.20 want: 0.18.20
563 silly placeDep ROOT @esbuild/linux-arm64@0.18.20 OK for: esbuild@0.18.20 want: 0.18.20
564 silly placeDep ROOT @esbuild/linux-ia32@0.18.20 OK for: esbuild@0.18.20 want: 0.18.20
565 silly placeDep ROOT @esbuild/linux-loong64@0.18.20 OK for: esbuild@0.18.20 want: 0.18.20
566 silly placeDep ROOT @esbuild/linux-mips64el@0.18.20 OK for: esbuild@0.18.20 want: 0.18.20
567 silly placeDep ROOT @esbuild/linux-ppc64@0.18.20 OK for: esbuild@0.18.20 want: 0.18.20
568 silly placeDep ROOT @esbuild/linux-riscv64@0.18.20 OK for: esbuild@0.18.20 want: 0.18.20
569 silly placeDep ROOT @esbuild/linux-s390x@0.18.20 OK for: esbuild@0.18.20 want: 0.18.20
570 silly placeDep ROOT @esbuild/linux-x64@0.18.20 OK for: esbuild@0.18.20 want: 0.18.20
571 silly placeDep ROOT @esbuild/netbsd-x64@0.18.20 OK for: esbuild@0.18.20 want: 0.18.20
572 silly placeDep ROOT @esbuild/openbsd-x64@0.18.20 OK for: esbuild@0.18.20 want: 0.18.20
573 silly placeDep ROOT @esbuild/sunos-x64@0.18.20 OK for: esbuild@0.18.20 want: 0.18.20
574 silly placeDep ROOT @esbuild/win32-arm64@0.18.20 OK for: esbuild@0.18.20 want: 0.18.20
575 silly placeDep ROOT @esbuild/win32-ia32@0.18.20 OK for: esbuild@0.18.20 want: 0.18.20
576 silly placeDep ROOT @esbuild/win32-x64@0.18.20 OK for: esbuild@0.18.20 want: 0.18.20
577 timing idealTree:node_modules/esbuild Completed in 81ms
578 timing idealTree:node_modules/@esbuild/android-arm Completed in 0ms
579 timing idealTree:node_modules/@esbuild/android-arm64 Completed in 0ms
580 timing idealTree:node_modules/@esbuild/android-x64 Completed in 0ms
581 timing idealTree:node_modules/@esbuild/darwin-arm64 Completed in 0ms
582 timing idealTree:node_modules/@esbuild/darwin-x64 Completed in 0ms
583 timing idealTree:node_modules/@esbuild/freebsd-arm64 Completed in 0ms
584 timing idealTree:node_modules/@esbuild/freebsd-x64 Completed in 0ms
585 timing idealTree:node_modules/@esbuild/linux-arm Completed in 0ms
586 timing idealTree:node_modules/@esbuild/linux-arm64 Completed in 0ms
587 timing idealTree:node_modules/@esbuild/linux-ia32 Completed in 0ms
588 timing idealTree:node_modules/@esbuild/linux-loong64 Completed in 0ms
589 timing idealTree:node_modules/@esbuild/linux-mips64el Completed in 0ms
590 timing idealTree:node_modules/@esbuild/linux-ppc64 Completed in 0ms
591 timing idealTree:node_modules/@esbuild/linux-riscv64 Completed in 0ms
592 timing idealTree:node_modules/@esbuild/linux-s390x Completed in 0ms
593 timing idealTree:node_modules/@esbuild/linux-x64 Completed in 0ms
594 timing idealTree:node_modules/@esbuild/netbsd-x64 Completed in 0ms
595 timing idealTree:node_modules/@esbuild/openbsd-x64 Completed in 0ms
596 timing idealTree:node_modules/@esbuild/sunos-x64 Completed in 0ms
597 timing idealTree:node_modules/@esbuild/win32-arm64 Completed in 0ms
598 timing idealTree:node_modules/@esbuild/win32-ia32 Completed in 0ms
599 timing idealTree:node_modules/@esbuild/win32-x64 Completed in 0ms
600 timing idealTree:node_modules/rollup Completed in 0ms
601 timing idealTree:node_modules/vite-plugin-full-reload Completed in 0ms
602 timing idealTree:node_modules/wrappy Completed in 0ms
603 timing idealTree:node_modules/yaml Completed in 0ms
604 timing idealTree:node_modules/chokidar/node_modules/glob-parent Completed in 0ms
605 timing idealTree:node_modules/fast-glob/node_modules/glob-parent Completed in 0ms
606 timing idealTree:buildDeps Completed in 1083ms
607 timing idealTree:fixDepFlags Completed in 1ms
608 timing idealTree Completed in 1094ms
609 timing reify:loadTrees Completed in 1095ms
610 timing reify:diffTrees Completed in 4ms
611 silly reify moves {}
612 timing reify:retireShallow Completed in 1ms
613 timing reify:createSparse Completed in 2ms
614 timing reify:loadBundles Completed in 0ms
615 silly audit bulk request {
615 silly audit   '@tailwindcss/forms': [ '0.5.6' ],
615 silly audit   tailwindcss: [ '3.3.3' ],
615 silly audit   alpinejs: [ '3.13.0' ],
615 silly audit   autoprefixer: [ '10.4.15' ],
615 silly audit   postcss: [ '8.4.29' ],
615 silly audit   axios: [ '1.5.0' ],
615 silly audit   'laravel-vite-plugin': [ '0.8.0' ],
615 silly audit   vite: [ '4.4.9' ],
615 silly audit   'mini-svg-data-uri': [ '1.4.4' ],
615 silly audit   '@vue/reactivity': [ '3.1.5' ],
615 silly audit   '@vue/shared': [ '3.1.5' ],
615 silly audit   browserslist: [ '4.21.10' ],
615 silly audit   'caniuse-lite': [ '1.0.30001534' ],
615 silly audit   'fraction.js': [ '4.3.6' ],
615 silly audit   'normalize-range': [ '0.1.2' ],
615 silly audit   picocolors: [ '1.0.0' ],
615 silly audit   'postcss-value-parser': [ '4.2.0' ],
615 silly audit   'follow-redirects': [ '1.15.2' ],
615 silly audit   'form-data': [ '4.0.0' ],
615 silly audit   'proxy-from-env': [ '1.1.0' ],
615 silly audit   'electron-to-chromium': [ '1.4.520' ],
615 silly audit   'node-releases': [ '2.0.13' ],
615 silly audit   'update-browserslist-db': [ '1.0.11' ],
615 silly audit   asynckit: [ '0.4.0' ],
615 silly audit   'combined-stream': [ '1.0.8' ],
615 silly audit   'mime-types': [ '2.1.35' ],
615 silly audit   'delayed-stream': [ '1.0.0' ],
615 silly audit   'vite-plugin-full-reload': [ '1.0.5' ],
615 silly audit   'mime-db': [ '1.52.0' ],
615 silly audit   nanoid: [ '3.3.6' ],
615 silly audit   'source-map-js': [ '1.0.2' ],
615 silly audit   '@alloc/quick-lru': [ '5.2.0' ],
615 silly audit   arg: [ '5.0.2' ],
615 silly audit   chokidar: [ '3.5.3' ],
615 silly audit   didyoumean: [ '1.2.2' ],
615 silly audit   dlv: [ '1.1.3' ],
615 silly audit   'fast-glob': [ '3.3.1' ],
615 silly audit   'glob-parent': [ '6.0.2', '5.1.2' ],
615 silly audit   'is-glob': [ '4.0.3' ],
615 silly audit   jiti: [ '1.20.0' ],
615 silly audit   lilconfig: [ '2.1.0' ],
615 silly audit   micromatch: [ '4.0.5' ],
615 silly audit   'normalize-path': [ '3.0.0' ],
615 silly audit   'object-hash': [ '3.0.0' ],
615 silly audit   'postcss-import': [ '15.1.0' ],
615 silly audit   'postcss-js': [ '4.0.1' ],
615 silly audit   'postcss-load-config': [ '4.0.1' ],
615 silly audit   'postcss-nested': [ '6.0.1' ],
615 silly audit   'postcss-selector-parser': [ '6.0.13' ],
615 silly audit   resolve: [ '1.22.4' ],
615 silly audit   sucrase: [ '3.34.0' ],
615 silly audit   anymatch: [ '3.1.3' ],
615 silly audit   braces: [ '3.0.2' ],
615 silly audit   fsevents: [ '2.3.3' ],
615 silly audit   'is-binary-path': [ '2.1.0' ],
615 silly audit   readdirp: [ '3.6.0' ],
615 silly audit   picomatch: [ '2.3.1' ],
615 silly audit   'fill-range': [ '7.0.1' ],
615 silly audit   '@nodelib/fs.stat': [ '2.0.5' ],
615 silly audit   '@nodelib/fs.walk': [ '1.2.8' ],
615 silly audit   merge2: [ '1.4.1' ],
615 silly audit   '@nodelib/fs.scandir': [ '2.1.5' ],
615 silly audit   fastq: [ '1.15.0' ],
615 silly audit   'run-parallel': [ '1.2.0' ],
615 silly audit   reusify: [ '1.0.4' ],
615 silly audit   'to-regex-range': [ '5.0.1' ],
615 silly audit   'binary-extensions': [ '2.2.0' ],
615 silly audit   'is-extglob': [ '2.1.1' ],
615 silly audit   'read-cache': [ '1.0.0' ],
615 silly audit   'camelcase-css': [ '2.0.1' ],
615 silly audit   yaml: [ '2.3.2' ],
615 silly audit   cssesc: [ '3.0.0' ],
615 silly audit   'util-deprecate': [ '1.0.2' ],
615 silly audit   pify: [ '2.3.0' ],
615 silly audit   'is-core-module': [ '2.13.0' ],
615 silly audit   'path-parse': [ '1.0.7' ],
615 silly audit   'supports-preserve-symlinks-flag': [ '1.0.0' ],
615 silly audit   has: [ '1.0.3' ],
615 silly audit   'function-bind': [ '1.1.1' ],
615 silly audit   'queue-microtask': [ '1.2.3' ],
615 silly audit   '@jridgewell/gen-mapping': [ '0.3.3' ],
615 silly audit   commander: [ '4.1.1' ],
615 silly audit   glob: [ '7.1.6' ],
615 silly audit   'lines-and-columns': [ '1.2.4' ],
615 silly audit   mz: [ '2.7.0' ],
615 silly audit   pirates: [ '4.0.6' ],
615 silly audit   'ts-interface-checker': [ '0.1.13' ],
615 silly audit   '@jridgewell/set-array': [ '1.1.2' ],
615 silly audit   '@jridgewell/sourcemap-codec': [ '1.4.15' ],
615 silly audit   '@jridgewell/trace-mapping': [ '0.3.19' ],
615 silly audit   '@jridgewell/resolve-uri': [ '3.1.1' ],
615 silly audit   'fs.realpath': [ '1.0.0' ],
615 silly audit   inflight: [ '1.0.6' ],
615 silly audit   inherits: [ '2.0.4' ],
615 silly audit   minimatch: [ '3.1.2' ],
615 silly audit   once: [ '1.4.0' ],
615 silly audit   'path-is-absolute': [ '1.0.1' ],
615 silly audit   wrappy: [ '1.0.2' ],
615 silly audit   'brace-expansion': [ '1.1.11' ],
615 silly audit   'balanced-match': [ '1.0.2' ],
615 silly audit   'concat-map': [ '0.0.1' ],
615 silly audit   'any-promise': [ '1.3.0' ],
615 silly audit   'object-assign': [ '4.1.1' ],
615 silly audit   'thenify-all': [ '1.6.0' ],
615 silly audit   thenify: [ '3.3.1' ],
615 silly audit   'is-number': [ '7.0.0' ],
615 silly audit   escalade: [ '3.1.1' ],
615 silly audit   esbuild: [ '0.18.20' ],
615 silly audit   rollup: [ '3.29.1' ],
615 silly audit   '@esbuild/android-arm': [ '0.18.20' ],
615 silly audit   '@esbuild/android-arm64': [ '0.18.20' ],
615 silly audit   '@esbuild/android-x64': [ '0.18.20' ],
615 silly audit   '@esbuild/darwin-arm64': [ '0.18.20' ],
615 silly audit   '@esbuild/darwin-x64': [ '0.18.20' ],
615 silly audit   '@esbuild/freebsd-arm64': [ '0.18.20' ],
615 silly audit   '@esbuild/freebsd-x64': [ '0.18.20' ],
615 silly audit   '@esbuild/linux-arm': [ '0.18.20' ],
615 silly audit   '@esbuild/linux-arm64': [ '0.18.20' ],
615 silly audit   '@esbuild/linux-ia32': [ '0.18.20' ],
615 silly audit   '@esbuild/linux-loong64': [ '0.18.20' ],
615 silly audit   '@esbuild/linux-mips64el': [ '0.18.20' ],
615 silly audit   '@esbuild/linux-ppc64': [ '0.18.20' ],
615 silly audit   '@esbuild/linux-riscv64': [ '0.18.20' ],
615 silly audit   '@esbuild/linux-s390x': [ '0.18.20' ],
615 silly audit   '@esbuild/linux-x64': [ '0.18.20' ],
615 silly audit   '@esbuild/netbsd-x64': [ '0.18.20' ],
615 silly audit   '@esbuild/openbsd-x64': [ '0.18.20' ],
615 silly audit   '@esbuild/sunos-x64': [ '0.18.20' ],
615 silly audit   '@esbuild/win32-arm64': [ '0.18.20' ],
615 silly audit   '@esbuild/win32-ia32': [ '0.18.20' ],
615 silly audit   '@esbuild/win32-x64': [ '0.18.20' ]
615 silly audit }
616 verbose reify failed optional dependency /var/www/node_modules/@esbuild/win32-x64
617 silly reify mark deleted [ '/var/www/node_modules/@esbuild/win32-x64' ]
618 verbose reify failed optional dependency /var/www/node_modules/@esbuild/win32-ia32
619 silly reify mark deleted [ '/var/www/node_modules/@esbuild/win32-ia32' ]
620 verbose reify failed optional dependency /var/www/node_modules/@esbuild/win32-arm64
621 silly reify mark deleted [ '/var/www/node_modules/@esbuild/win32-arm64' ]
622 verbose reify failed optional dependency /var/www/node_modules/@esbuild/sunos-x64
623 silly reify mark deleted [ '/var/www/node_modules/@esbuild/sunos-x64' ]
624 verbose reify failed optional dependency /var/www/node_modules/@esbuild/openbsd-x64
625 silly reify mark deleted [ '/var/www/node_modules/@esbuild/openbsd-x64' ]
626 verbose reify failed optional dependency /var/www/node_modules/@esbuild/netbsd-x64
627 silly reify mark deleted [ '/var/www/node_modules/@esbuild/netbsd-x64' ]
628 verbose reify failed optional dependency /var/www/node_modules/@esbuild/linux-s390x
629 silly reify mark deleted [ '/var/www/node_modules/@esbuild/linux-s390x' ]
630 verbose reify failed optional dependency /var/www/node_modules/@esbuild/linux-riscv64
631 silly reify mark deleted [ '/var/www/node_modules/@esbuild/linux-riscv64' ]
632 verbose reify failed optional dependency /var/www/node_modules/@esbuild/linux-ppc64
633 silly reify mark deleted [ '/var/www/node_modules/@esbuild/linux-ppc64' ]
634 verbose reify failed optional dependency /var/www/node_modules/@esbuild/linux-mips64el
635 silly reify mark deleted [ '/var/www/node_modules/@esbuild/linux-mips64el' ]
636 verbose reify failed optional dependency /var/www/node_modules/@esbuild/linux-loong64
637 silly reify mark deleted [ '/var/www/node_modules/@esbuild/linux-loong64' ]
638 verbose reify failed optional dependency /var/www/node_modules/@esbuild/linux-ia32
639 silly reify mark deleted [ '/var/www/node_modules/@esbuild/linux-ia32' ]
640 verbose reify failed optional dependency /var/www/node_modules/@esbuild/linux-arm64
641 silly reify mark deleted [ '/var/www/node_modules/@esbuild/linux-arm64' ]
642 verbose reify failed optional dependency /var/www/node_modules/@esbuild/linux-arm
643 silly reify mark deleted [ '/var/www/node_modules/@esbuild/linux-arm' ]
644 verbose reify failed optional dependency /var/www/node_modules/@esbuild/freebsd-x64
645 silly reify mark deleted [ '/var/www/node_modules/@esbuild/freebsd-x64' ]
646 verbose reify failed optional dependency /var/www/node_modules/@esbuild/freebsd-arm64
647 silly reify mark deleted [ '/var/www/node_modules/@esbuild/freebsd-arm64' ]
648 verbose reify failed optional dependency /var/www/node_modules/@esbuild/darwin-x64
649 silly reify mark deleted [ '/var/www/node_modules/@esbuild/darwin-x64' ]
650 verbose reify failed optional dependency /var/www/node_modules/@esbuild/darwin-arm64
651 silly reify mark deleted [ '/var/www/node_modules/@esbuild/darwin-arm64' ]
652 verbose reify failed optional dependency /var/www/node_modules/@esbuild/android-x64
653 silly reify mark deleted [ '/var/www/node_modules/@esbuild/android-x64' ]
654 verbose reify failed optional dependency /var/www/node_modules/@esbuild/android-arm64
655 silly reify mark deleted [ '/var/www/node_modules/@esbuild/android-arm64' ]
656 verbose reify failed optional dependency /var/www/node_modules/@esbuild/android-arm
657 silly reify mark deleted [ '/var/www/node_modules/@esbuild/android-arm' ]
658 verbose reify failed optional dependency /var/www/node_modules/fsevents
659 silly reify mark deleted [ '/var/www/node_modules/fsevents' ]
660 timing reifyNode:node_modules/@esbuild/win32-x64 Completed in 33ms
661 timing reifyNode:node_modules/@esbuild/win32-ia32 Completed in 32ms
662 timing reifyNode:node_modules/@esbuild/win32-arm64 Completed in 32ms
663 timing reifyNode:node_modules/@esbuild/sunos-x64 Completed in 32ms
664 timing reifyNode:node_modules/@esbuild/openbsd-x64 Completed in 32ms
665 timing reifyNode:node_modules/@esbuild/netbsd-x64 Completed in 32ms
666 timing reifyNode:node_modules/@esbuild/linux-s390x Completed in 32ms
667 timing reifyNode:node_modules/@esbuild/linux-riscv64 Completed in 32ms
668 timing reifyNode:node_modules/@esbuild/linux-ppc64 Completed in 32ms
669 timing reifyNode:node_modules/@esbuild/linux-mips64el Completed in 32ms
670 timing reifyNode:node_modules/@esbuild/linux-loong64 Completed in 32ms
671 timing reifyNode:node_modules/@esbuild/linux-ia32 Completed in 32ms
672 timing reifyNode:node_modules/@esbuild/linux-arm64 Completed in 32ms
673 timing reifyNode:node_modules/@esbuild/linux-arm Completed in 32ms
674 timing reifyNode:node_modules/@esbuild/freebsd-x64 Completed in 32ms
675 timing reifyNode:node_modules/@esbuild/freebsd-arm64 Completed in 32ms
676 timing reifyNode:node_modules/@esbuild/darwin-x64 Completed in 33ms
677 timing reifyNode:node_modules/@esbuild/darwin-arm64 Completed in 33ms
678 timing reifyNode:node_modules/@esbuild/android-x64 Completed in 33ms
679 timing reifyNode:node_modules/@esbuild/android-arm64 Completed in 33ms
680 timing reifyNode:node_modules/@esbuild/android-arm Completed in 32ms
681 timing reifyNode:node_modules/fsevents Completed in 32ms
682 timing reify:unpack Completed in 34ms
683 timing reify:unretire Completed in 0ms
684 timing build:queue Completed in 2ms
685 timing build:deps Completed in 3ms
686 timing build Completed in 3ms
687 timing reify:build Completed in 3ms
688 timing reify:trash Completed in 1ms
689 timing reify:save Completed in 46ms
690 http fetch POST 200 https://registry.npmjs.org/-/npm/v1/security/advisories/bulk 283ms
691 timing auditReport:getReport Completed in 286ms
692 silly audit report {}
693 timing auditReport:init Completed in 0ms
694 timing reify:audit Completed in 286ms
695 timing reify Completed in 1392ms
696 silly ADD
697 silly ADD
698 silly ADD
699 silly ADD
700 silly ADD
701 silly ADD
702 silly ADD
703 silly ADD
704 silly ADD
705 silly ADD
706 silly ADD
707 silly ADD
708 silly ADD
709 silly ADD
710 silly ADD
711 silly ADD
712 silly ADD
713 silly ADD
714 silly ADD
715 silly ADD
716 silly ADD
717 silly ADD
718 timing command:update Completed in 1398ms
719 verbose exit 0
720 timing npm Completed in 1575ms
721 info ok
