0 verbose cli /usr/bin/node /usr/bin/npm
1 info using npm@9.8.1
2 info using node@v18.17.1
3 timing npm:load:whichnode Completed in 1ms
4 timing config:load:defaults Completed in 1ms
5 timing config:load:file:/usr/lib/node_modules/npm/npmrc Completed in 0ms
6 timing config:load:builtin Completed in 1ms
7 timing config:load:cli Completed in 26ms
8 timing config:load:env Completed in 1ms
9 timing config:load:file:/var/www/.npmrc Completed in 0ms
10 timing config:load:project Completed in 2ms
11 timing config:load:file:/var/www/.home/.npmrc Completed in 0ms
12 timing config:load:user Completed in 0ms
13 timing config:load:file:/usr/etc/npmrc Completed in 0ms
14 timing config:load:global Completed in 0ms
15 timing config:load:setEnvs Completed in 1ms
16 timing config:load Completed in 33ms
17 timing npm:load:configload Completed in 33ms
18 timing config:load:flatten Completed in 2ms
19 timing npm:load:mkdirpcache Completed in 0ms
20 timing npm:load:mkdirplogs Completed in 0ms
21 verbose title npm install
22 verbose argv "install"
23 timing npm:load:setTitle Completed in 1ms
24 timing npm:load:display Completed in 0ms
25 verbose logfile logs-max:10 dir:/var/www/.home/.npm/_logs/2023-09-14T06_47_44_628Z-
26 verbose logfile /var/www/.home/.npm/_logs/2023-09-14T06_47_44_628Z-debug-0.log
27 timing npm:load:logFile Completed in 8ms
28 timing npm:load:timers Completed in 0ms
29 timing npm:load:configScope Completed in 0ms
30 timing npm:load Completed in 56ms
31 timing arborist:ctor Completed in 0ms
32 silly logfile done cleaning log files
33 timing idealTree:init Completed in 71ms
34 timing idealTree:userRequests Completed in 1ms
35 silly idealTree buildDeps
36 timing idealTree:#root Completed in 0ms
37 timing idealTree:buildDeps Completed in 1ms
38 timing idealTree:fixDepFlags Completed in 0ms
39 timing idealTree Completed in 75ms
40 verbose shrinkwrap failed to load node_modules/.package-lock.json out of date, updated: node_modules
41 timing reify:loadTrees Completed in 143ms
42 timing reify:diffTrees Completed in 4ms
43 silly reify moves {}
44 timing reify:retireShallow Completed in 1ms
45 timing reify:createSparse Completed in 2ms
46 timing reify:loadBundles Completed in 0ms
47 silly audit bulk request {
47 silly audit   '@alloc/quick-lru': [ '5.2.0' ],
47 silly audit   '@esbuild/android-arm': [ '0.18.20' ],
47 silly audit   '@esbuild/android-arm64': [ '0.18.20' ],
47 silly audit   '@esbuild/android-x64': [ '0.18.20' ],
47 silly audit   '@esbuild/darwin-arm64': [ '0.18.20' ],
47 silly audit   '@esbuild/darwin-x64': [ '0.18.20' ],
47 silly audit   '@esbuild/freebsd-arm64': [ '0.18.20' ],
47 silly audit   '@esbuild/freebsd-x64': [ '0.18.20' ],
47 silly audit   '@esbuild/linux-arm': [ '0.18.20' ],
47 silly audit   '@esbuild/linux-arm64': [ '0.18.20' ],
47 silly audit   '@esbuild/linux-ia32': [ '0.18.20' ],
47 silly audit   '@esbuild/linux-loong64': [ '0.18.20' ],
47 silly audit   '@esbuild/linux-mips64el': [ '0.18.20' ],
47 silly audit   '@esbuild/linux-ppc64': [ '0.18.20' ],
47 silly audit   '@esbuild/linux-riscv64': [ '0.18.20' ],
47 silly audit   '@esbuild/linux-s390x': [ '0.18.20' ],
47 silly audit   '@esbuild/linux-x64': [ '0.18.20' ],
47 silly audit   '@esbuild/netbsd-x64': [ '0.18.20' ],
47 silly audit   '@esbuild/openbsd-x64': [ '0.18.20' ],
47 silly audit   '@esbuild/sunos-x64': [ '0.18.20' ],
47 silly audit   '@esbuild/win32-arm64': [ '0.18.20' ],
47 silly audit   '@esbuild/win32-ia32': [ '0.18.20' ],
47 silly audit   '@esbuild/win32-x64': [ '0.18.20' ],
47 silly audit   '@jridgewell/gen-mapping': [ '0.3.3' ],
47 silly audit   '@jridgewell/resolve-uri': [ '3.1.1' ],
47 silly audit   '@jridgewell/set-array': [ '1.1.2' ],
47 silly audit   '@jridgewell/sourcemap-codec': [ '1.4.15' ],
47 silly audit   '@jridgewell/trace-mapping': [ '0.3.19' ],
47 silly audit   '@nodelib/fs.scandir': [ '2.1.5' ],
47 silly audit   '@nodelib/fs.stat': [ '2.0.5' ],
47 silly audit   '@nodelib/fs.walk': [ '1.2.8' ],
47 silly audit   '@tailwindcss/forms': [ '0.5.6' ],
47 silly audit   '@vue/reactivity': [ '3.1.5' ],
47 silly audit   '@vue/shared': [ '3.1.5' ],
47 silly audit   alpinejs: [ '3.13.0' ],
47 silly audit   'any-promise': [ '1.3.0' ],
47 silly audit   anymatch: [ '3.1.3' ],
47 silly audit   arg: [ '5.0.2' ],
47 silly audit   asynckit: [ '0.4.0' ],
47 silly audit   autoprefixer: [ '10.4.15' ],
47 silly audit   axios: [ '1.5.0' ],
47 silly audit   'balanced-match': [ '1.0.2' ],
47 silly audit   'binary-extensions': [ '2.2.0' ],
47 silly audit   'brace-expansion': [ '1.1.11' ],
47 silly audit   braces: [ '3.0.2' ],
47 silly audit   browserslist: [ '4.21.10' ],
47 silly audit   'camelcase-css': [ '2.0.1' ],
47 silly audit   'caniuse-lite': [ '1.0.30001534' ],
47 silly audit   chokidar: [ '3.5.3' ],
47 silly audit   'glob-parent': [ '5.1.2', '6.0.2' ],
47 silly audit   'combined-stream': [ '1.0.8' ],
47 silly audit   commander: [ '4.1.1' ],
47 silly audit   'concat-map': [ '0.0.1' ],
47 silly audit   cssesc: [ '3.0.0' ],
47 silly audit   'delayed-stream': [ '1.0.0' ],
47 silly audit   didyoumean: [ '1.2.2' ],
47 silly audit   dlv: [ '1.1.3' ],
47 silly audit   'electron-to-chromium': [ '1.4.520' ],
47 silly audit   esbuild: [ '0.18.20' ],
47 silly audit   escalade: [ '3.1.1' ],
47 silly audit   'fast-glob': [ '3.3.1' ],
47 silly audit   fastq: [ '1.15.0' ],
47 silly audit   'fill-range': [ '7.0.1' ],
47 silly audit   'follow-redirects': [ '1.15.2' ],
47 silly audit   'form-data': [ '4.0.0' ],
47 silly audit   'fraction.js': [ '4.3.6' ],
47 silly audit   'fs.realpath': [ '1.0.0' ],
47 silly audit   fsevents: [ '2.3.3' ],
47 silly audit   'function-bind': [ '1.1.1' ],
47 silly audit   glob: [ '7.1.6' ],
47 silly audit   has: [ '1.0.3' ],
47 silly audit   inflight: [ '1.0.6' ],
47 silly audit   inherits: [ '2.0.4' ],
47 silly audit   'is-binary-path': [ '2.1.0' ],
47 silly audit   'is-core-module': [ '2.13.0' ],
47 silly audit   'is-extglob': [ '2.1.1' ],
47 silly audit   'is-glob': [ '4.0.3' ],
47 silly audit   'is-number': [ '7.0.0' ],
47 silly audit   jiti: [ '1.20.0' ],
47 silly audit   'laravel-vite-plugin': [ '0.8.0' ],
47 silly audit   lilconfig: [ '2.1.0' ],
47 silly audit   'lines-and-columns': [ '1.2.4' ],
47 silly audit   merge2: [ '1.4.1' ],
47 silly audit   micromatch: [ '4.0.5' ],
47 silly audit   'mime-db': [ '1.52.0' ],
47 silly audit   'mime-types': [ '2.1.35' ],
47 silly audit   'mini-svg-data-uri': [ '1.4.4' ],
47 silly audit   minimatch: [ '3.1.2' ],
47 silly audit   mz: [ '2.7.0' ],
47 silly audit   nanoid: [ '3.3.6' ],
47 silly audit   'node-releases': [ '2.0.13' ],
47 silly audit   'normalize-path': [ '3.0.0' ],
47 silly audit   'normalize-range': [ '0.1.2' ],
47 silly audit   'object-assign': [ '4.1.1' ],
47 silly audit   'object-hash': [ '3.0.0' ],
47 silly audit   once: [ '1.4.0' ],
47 silly audit   'path-is-absolute': [ '1.0.1' ],
47 silly audit   'path-parse': [ '1.0.7' ],
47 silly audit   picocolors: [ '1.0.0' ],
47 silly audit   picomatch: [ '2.3.1' ],
47 silly audit   pify: [ '2.3.0' ],
47 silly audit   pirates: [ '4.0.6' ],
47 silly audit   postcss: [ '8.4.29' ],
47 silly audit   'postcss-import': [ '15.1.0' ],
47 silly audit   'postcss-js': [ '4.0.1' ],
47 silly audit   'postcss-load-config': [ '4.0.1' ],
47 silly audit   'postcss-nested': [ '6.0.1' ],
47 silly audit   'postcss-selector-parser': [ '6.0.13' ],
47 silly audit   'postcss-value-parser': [ '4.2.0' ],
47 silly audit   'proxy-from-env': [ '1.1.0' ],
47 silly audit   'queue-microtask': [ '1.2.3' ],
47 silly audit   'read-cache': [ '1.0.0' ],
47 silly audit   readdirp: [ '3.6.0' ],
47 silly audit   resolve: [ '1.22.4' ],
47 silly audit   reusify: [ '1.0.4' ],
47 silly audit   rollup: [ '3.29.1' ],
47 silly audit   'run-parallel': [ '1.2.0' ],
47 silly audit   'source-map-js': [ '1.0.2' ],
47 silly audit   sucrase: [ '3.34.0' ],
47 silly audit   'supports-preserve-symlinks-flag': [ '1.0.0' ],
47 silly audit   tailwindcss: [ '3.3.3' ],
47 silly audit   thenify: [ '3.3.1' ],
47 silly audit   'thenify-all': [ '1.6.0' ],
47 silly audit   'to-regex-range': [ '5.0.1' ],
47 silly audit   'ts-interface-checker': [ '0.1.13' ],
47 silly audit   'update-browserslist-db': [ '1.0.11' ],
47 silly audit   'util-deprecate': [ '1.0.2' ],
47 silly audit   vite: [ '4.4.9' ],
47 silly audit   'vite-plugin-full-reload': [ '1.0.5' ],
47 silly audit   wrappy: [ '1.0.2' ],
47 silly audit   yaml: [ '2.3.2' ]
47 silly audit }
48 verbose reify failed optional dependency /var/www/node_modules/fsevents
49 silly reify mark deleted [ '/var/www/node_modules/fsevents' ]
50 verbose reify failed optional dependency /var/www/node_modules/@esbuild/win32-x64
51 silly reify mark deleted [ '/var/www/node_modules/@esbuild/win32-x64' ]
52 verbose reify failed optional dependency /var/www/node_modules/@esbuild/win32-ia32
53 silly reify mark deleted [ '/var/www/node_modules/@esbuild/win32-ia32' ]
54 verbose reify failed optional dependency /var/www/node_modules/@esbuild/win32-arm64
55 silly reify mark deleted [ '/var/www/node_modules/@esbuild/win32-arm64' ]
56 verbose reify failed optional dependency /var/www/node_modules/@esbuild/sunos-x64
57 silly reify mark deleted [ '/var/www/node_modules/@esbuild/sunos-x64' ]
58 verbose reify failed optional dependency /var/www/node_modules/@esbuild/openbsd-x64
59 silly reify mark deleted [ '/var/www/node_modules/@esbuild/openbsd-x64' ]
60 verbose reify failed optional dependency /var/www/node_modules/@esbuild/netbsd-x64
61 silly reify mark deleted [ '/var/www/node_modules/@esbuild/netbsd-x64' ]
62 verbose reify failed optional dependency /var/www/node_modules/@esbuild/linux-s390x
63 silly reify mark deleted [ '/var/www/node_modules/@esbuild/linux-s390x' ]
64 verbose reify failed optional dependency /var/www/node_modules/@esbuild/linux-riscv64
65 silly reify mark deleted [ '/var/www/node_modules/@esbuild/linux-riscv64' ]
66 verbose reify failed optional dependency /var/www/node_modules/@esbuild/linux-ppc64
67 silly reify mark deleted [ '/var/www/node_modules/@esbuild/linux-ppc64' ]
68 verbose reify failed optional dependency /var/www/node_modules/@esbuild/linux-mips64el
69 silly reify mark deleted [ '/var/www/node_modules/@esbuild/linux-mips64el' ]
70 verbose reify failed optional dependency /var/www/node_modules/@esbuild/linux-loong64
71 silly reify mark deleted [ '/var/www/node_modules/@esbuild/linux-loong64' ]
72 verbose reify failed optional dependency /var/www/node_modules/@esbuild/linux-ia32
73 silly reify mark deleted [ '/var/www/node_modules/@esbuild/linux-ia32' ]
74 verbose reify failed optional dependency /var/www/node_modules/@esbuild/linux-arm64
75 silly reify mark deleted [ '/var/www/node_modules/@esbuild/linux-arm64' ]
76 verbose reify failed optional dependency /var/www/node_modules/@esbuild/linux-arm
77 silly reify mark deleted [ '/var/www/node_modules/@esbuild/linux-arm' ]
78 verbose reify failed optional dependency /var/www/node_modules/@esbuild/freebsd-x64
79 silly reify mark deleted [ '/var/www/node_modules/@esbuild/freebsd-x64' ]
80 verbose reify failed optional dependency /var/www/node_modules/@esbuild/freebsd-arm64
81 silly reify mark deleted [ '/var/www/node_modules/@esbuild/freebsd-arm64' ]
82 verbose reify failed optional dependency /var/www/node_modules/@esbuild/darwin-x64
83 silly reify mark deleted [ '/var/www/node_modules/@esbuild/darwin-x64' ]
84 verbose reify failed optional dependency /var/www/node_modules/@esbuild/darwin-arm64
85 silly reify mark deleted [ '/var/www/node_modules/@esbuild/darwin-arm64' ]
86 verbose reify failed optional dependency /var/www/node_modules/@esbuild/android-x64
87 silly reify mark deleted [ '/var/www/node_modules/@esbuild/android-x64' ]
88 verbose reify failed optional dependency /var/www/node_modules/@esbuild/android-arm64
89 silly reify mark deleted [ '/var/www/node_modules/@esbuild/android-arm64' ]
90 verbose reify failed optional dependency /var/www/node_modules/@esbuild/android-arm
91 silly reify mark deleted [ '/var/www/node_modules/@esbuild/android-arm' ]
92 timing reifyNode:node_modules/fsevents Completed in 34ms
93 timing reifyNode:node_modules/@esbuild/win32-x64 Completed in 34ms
94 timing reifyNode:node_modules/@esbuild/win32-ia32 Completed in 34ms
95 timing reifyNode:node_modules/@esbuild/win32-arm64 Completed in 34ms
96 timing reifyNode:node_modules/@esbuild/sunos-x64 Completed in 34ms
97 timing reifyNode:node_modules/@esbuild/openbsd-x64 Completed in 33ms
98 timing reifyNode:node_modules/@esbuild/netbsd-x64 Completed in 33ms
99 timing reifyNode:node_modules/@esbuild/linux-s390x Completed in 33ms
100 timing reifyNode:node_modules/@esbuild/linux-riscv64 Completed in 34ms
101 timing reifyNode:node_modules/@esbuild/linux-ppc64 Completed in 34ms
102 timing reifyNode:node_modules/@esbuild/linux-mips64el Completed in 34ms
103 timing reifyNode:node_modules/@esbuild/linux-loong64 Completed in 34ms
104 timing reifyNode:node_modules/@esbuild/linux-ia32 Completed in 34ms
105 timing reifyNode:node_modules/@esbuild/linux-arm64 Completed in 34ms
106 timing reifyNode:node_modules/@esbuild/linux-arm Completed in 34ms
107 timing reifyNode:node_modules/@esbuild/freebsd-x64 Completed in 34ms
108 timing reifyNode:node_modules/@esbuild/freebsd-arm64 Completed in 34ms
109 timing reifyNode:node_modules/@esbuild/darwin-x64 Completed in 34ms
110 timing reifyNode:node_modules/@esbuild/darwin-arm64 Completed in 34ms
111 timing reifyNode:node_modules/@esbuild/android-x64 Completed in 33ms
112 timing reifyNode:node_modules/@esbuild/android-arm64 Completed in 33ms
113 timing reifyNode:node_modules/@esbuild/android-arm Completed in 33ms
114 timing reify:unpack Completed in 35ms
115 timing reify:unretire Completed in 0ms
116 timing build:queue Completed in 3ms
117 timing build:deps Completed in 4ms
118 timing build Completed in 5ms
119 timing reify:build Completed in 5ms
120 timing reify:trash Completed in 1ms
121 timing reify:save Completed in 55ms
122 http fetch POST 200 https://registry.npmjs.org/-/npm/v1/security/advisories/bulk 295ms
123 timing auditReport:getReport Completed in 299ms
124 silly audit report {}
125 timing auditReport:init Completed in 0ms
126 timing reify:audit Completed in 299ms
127 timing reify Completed in 453ms
128 silly ADD
129 silly ADD
130 silly ADD
131 silly ADD
132 silly ADD
133 silly ADD
134 silly ADD
135 silly ADD
136 silly ADD
137 silly ADD
138 silly ADD
139 silly ADD
140 silly ADD
141 silly ADD
142 silly ADD
143 silly ADD
144 silly ADD
145 silly ADD
146 silly ADD
147 silly ADD
148 silly ADD
149 silly ADD
150 timing command:install Completed in 462ms
151 verbose exit 0
152 timing npm Completed in 655ms
153 info ok
